     1                                 %line 1+1 example.asm
     2                                 
     3                                 
     4                                 
     5                                 [section .data]
     6                                 
     7                                 
     8                                 
     9                                 EXIT_SUCCESS equ 0
    10                                 SYS_exit equ 60
    11                                 
    12                                 
    13 00000000 11                     bVar1 db 17
    14 00000001 09                     bVar2 db 9
    15 00000002 00                     bResult db 0
    16                                 
    17                                 
    18 00000003 6842                   wVar1 dw 17000
    19 00000005 2823                   wVar2 dw 9000
    20 00000007 0000                   wResult dw 0
    21                                 
    22                                 
    23                                 
    24 00000009 40660301               dVar1 dd 17000000
    25 0000000D 40548900               dVar2 dd 9000000
    26 00000011 00000000               dResult dd 0
    27                                 
    28                                 
    29                                 
    30 00000015 80FE210A00000000       qVar1 dq 170000000
    31 0000001D 804A5D0500000000       qVar2 dq 90000000
    32 00000025 0000000000000000       qResult dq 0
    33                                 
    34                                 
    35                                 
    36                                 [section .text]
    37                                 [global _start]
    38                                 _start:
    39                                 
    40 00000000 8A0425[00000000]       mov al, byte [bVar1]
    41 00000007 020425[00000000]       add al, byte [bVar2]
    42 0000000E 880425[00000000]       mov byte [bResult], al
    43                                 
    44                                 
    45                                 
    46                                 
    47 00000015 668B0425[00000000]     mov ax, word [wVar1]
    48 0000001D 66030425[00000000]     add ax, word [wVar2]
    49 00000025 66890425[00000000]     mov word [wResult], ax
    50                                 
    51                                 
    52                                 
    53 0000002D 8B0425[00000000]       mov eax, dword [dVar1]
    54 00000034 030425[00000000]       add eax, dword [dVar2]
    55 0000003B 890425[00000000]       mov dword [dResult], eax
    56                                 
    57                                 
    58                                 
    59                                 
    60 00000042 488B0425[00000000]     mov rax, qword [qVar1]
    61 0000004A 48030425[00000000]     add rax, qword [qVar2]
    62 00000052 48890425[00000000]     mov qword [qResult], rax
    63                                 
    64                                 
    65                                 last:
    66 0000005A 48C7C03C000000         mov rax, SYS_exit
    67 00000061 48C7C700000000         mov rdi, EXIT_SUCCESS
    68 00000068 0F05                   syscall
